<?xml version="1.0" encoding="UTF-8"?>
<!-- Generated by org.testng.reporters.JUnitReportReporter -->
<testsuite skipped="0" hostname="DESKTOP-SJT61BP" name="com.digiCRMTest.autoqa.testcases.PasswordResetPageTest" tests="1" failures="0" timestamp="08 Feb 2020 16:19:41 GMT" time="14.509" errors="0">
  <testcase name="resetPasswordTest" time="14.509" classname="com.digiCRMTest.autoqa.testcases.PasswordResetPageTest"/>
</testsuite> <!-- com.digiCRMTest.autoqa.testcases.PasswordResetPageTest -->
