<?xml version="1.0" encoding="UTF-8"?>
<!-- Generated by org.testng.reporters.JUnitReportReporter -->
<testsuite skipped="0" hostname="DESKTOP-SJT61BP" name="com.digiCRMTest.autoqa.testcases.UserLandingPageTest" tests="4" failures="0" timestamp="08 Feb 2020 16:19:41 GMT" time="57.679" errors="0">
  <testcase name="ContactsLinkTest" time="14.582" classname="com.digiCRMTest.autoqa.testcases.UserLandingPageTest"/>
  <testcase name="userNameTest" time="16.189" classname="com.digiCRMTest.autoqa.testcases.UserLandingPageTest"/>
  <testcase name="dealLinkTest" time="13.828" classname="com.digiCRMTest.autoqa.testcases.UserLandingPageTest"/>
  <testcase name="userLandingPageTitleTest" time="13.080" classname="com.digiCRMTest.autoqa.testcases.UserLandingPageTest"/>
</testsuite> <!-- com.digiCRMTest.autoqa.testcases.UserLandingPageTest -->
