<?xml version="1.0" encoding="UTF-8"?>
<!-- Generated by org.testng.reporters.JUnitReportReporter -->
<testsuite skipped="0" hostname="DESKTOP-SJT61BP" name="com.digiCRMTest.autoqa.testcases.LoginPageTest" tests="3" failures="0" timestamp="08 Feb 2020 16:19:41 GMT" time="52.321" errors="0">
  <testcase name="LoginTest" time="13.501" classname="com.digiCRMTest.autoqa.testcases.LoginPageTest"/>
  <testcase name="loginPageTitleTest" time="13.335" classname="com.digiCRMTest.autoqa.testcases.LoginPageTest"/>
  <testcase name="PasswordResetLinkTest" time="25.485" classname="com.digiCRMTest.autoqa.testcases.LoginPageTest"/>
</testsuite> <!-- com.digiCRMTest.autoqa.testcases.LoginPageTest -->
