<?xml version="1.0" encoding="UTF-8"?>
<!-- Generated by org.testng.reporters.JUnitReportReporter -->
<testsuite skipped="0" hostname="DESKTOP-SJT61BP" name="com.digiCRMTest.autoqa.testcases.HomePageTest" tests="2" failures="0" timestamp="08 Feb 2020 16:19:41 GMT" time="24.796" errors="0">
  <testcase name="homePageTitleTest" time="11.505" classname="com.digiCRMTest.autoqa.testcases.HomePageTest"/>
  <testcase name="LoginButtonTest" time="13.291" classname="com.digiCRMTest.autoqa.testcases.HomePageTest"/>
</testsuite> <!-- com.digiCRMTest.autoqa.testcases.HomePageTest -->
